The system is: Linux - 4.4.79-11654-g7e0f59a105a1 - x86_64
Compiling the CXX compiler identification source file "CMakeCXXCompilerId.cpp" succeeded.
Compiler: /usr/bin/c++ 
Build flags: 
Id flags: 

The output was:
0


Compilation of the CXX compiler identification source "CMakeCXXCompilerId.cpp" produced "a.out"

The CXX compiler identification is GNU, found in "/home/liavt/Desktop/TitanGame/build/CMakeFiles/3.5.1/CompilerIdCXX/a.out"

Determining if the CXX compiler works passed with the following output:
Change Dir: /home/liavt/Desktop/TitanGame/build/CMakeFiles/CMakeTmp

Run Build Command:"/usr/bin/make" "cmTC_92925/fast"
/usr/bin/make -f CMakeFiles/cmTC_92925.dir/build.make CMakeFiles/cmTC_92925.dir/build
make[1]: Entering directory '/home/liavt/Desktop/TitanGame/build/CMakeFiles/CMakeTmp'
Building CXX object CMakeFiles/cmTC_92925.dir/testCXXCompiler.cxx.o
/usr/bin/c++      -o CMakeFiles/cmTC_92925.dir/testCXXCompiler.cxx.o -c /home/liavt/Desktop/TitanGame/build/CMakeFiles/CMakeTmp/testCXXCompiler.cxx
Linking CXX executable cmTC_92925
/usr/bin/cmake -E cmake_link_script CMakeFiles/cmTC_92925.dir/link.txt --verbose=1
/usr/bin/c++        CMakeFiles/cmTC_92925.dir/testCXXCompiler.cxx.o  -o cmTC_92925 -rdynamic 
make[1]: Leaving directory '/home/liavt/Desktop/TitanGame/build/CMakeFiles/CMakeTmp'


Detecting CXX compiler ABI info compiled with the following output:
Change Dir: /home/liavt/Desktop/TitanGame/build/CMakeFiles/CMakeTmp

Run Build Command:"/usr/bin/make" "cmTC_8eac4/fast"
/usr/bin/make -f CMakeFiles/cmTC_8eac4.dir/build.make CMakeFiles/cmTC_8eac4.dir/build
make[1]: Entering directory '/home/liavt/Desktop/TitanGame/build/CMakeFiles/CMakeTmp'
Building CXX object CMakeFiles/cmTC_8eac4.dir/CMakeCXXCompilerABI.cpp.o
/usr/bin/c++      -o CMakeFiles/cmTC_8eac4.dir/CMakeCXXCompilerABI.cpp.o -c /usr/share/cmake-3.5/Modules/CMakeCXXCompilerABI.cpp
Linking CXX executable cmTC_8eac4
/usr/bin/cmake -E cmake_link_script CMakeFiles/cmTC_8eac4.dir/link.txt --verbose=1
/usr/bin/c++       -v CMakeFiles/cmTC_8eac4.dir/CMakeCXXCompilerABI.cpp.o  -o cmTC_8eac4 -rdynamic  
Using built-in specs.
COLLECT_GCC=/usr/bin/c++
COLLECT_LTO_WRAPPER=/usr/lib/gcc/x86_64-linux-gnu/5/lto-wrapper
Target: x86_64-linux-gnu
Configured with: ../src/configure -v --with-pkgversion='Ubuntu 5.4.0-6ubuntu1~16.04.5' --with-bugurl=file:///usr/share/doc/gcc-5/README.Bugs --enable-languages=c,ada,c++,java,go,d,fortran,objc,obj-c++ --prefix=/usr --program-suffix=-5 --enable-shared --enable-linker-build-id --libexecdir=/usr/lib --without-included-gettext --enable-threads=posix --libdir=/usr/lib --enable-nls --with-sysroot=/ --enable-clocale=gnu --enable-libstdcxx-debug --enable-libstdcxx-time=yes --with-default-libstdcxx-abi=new --enable-gnu-unique-object --disable-vtable-verify --enable-libmpx --enable-plugin --with-system-zlib --disable-browser-plugin --enable-java-awt=gtk --enable-gtk-cairo --with-java-home=/usr/lib/jvm/java-1.5.0-gcj-5-amd64/jre --enable-java-home --with-jvm-root-dir=/usr/lib/jvm/java-1.5.0-gcj-5-amd64 --with-jvm-jar-dir=/usr/lib/jvm-exports/java-1.5.0-gcj-5-amd64 --with-arch-directory=amd64 --with-ecj-jar=/usr/share/java/eclipse-ecj.jar --enable-objc-gc --enable-multiarch --disable-werror --with-arch-32=i686 --with-abi=m64 --with-multilib-list=m32,m64,mx32 --enable-multilib --with-tune=generic --enable-checking=release --build=x86_64-linux-gnu --host=x86_64-linux-gnu --target=x86_64-linux-gnu
Thread model: posix
gcc version 5.4.0 20160609 (Ubuntu 5.4.0-6ubuntu1~16.04.5) 
COMPILER_PATH=/usr/lib/gcc/x86_64-linux-gnu/5/:/usr/lib/gcc/x86_64-linux-gnu/5/:/usr/lib/gcc/x86_64-linux-gnu/:/usr/lib/gcc/x86_64-linux-gnu/5/:/usr/lib/gcc/x86_64-linux-gnu/
LIBRARY_PATH=/usr/lib/gcc/x86_64-linux-gnu/5/:/usr/lib/gcc/x86_64-linux-gnu/5/../../../x86_64-linux-gnu/:/usr/lib/gcc/x86_64-linux-gnu/5/../../../../lib/:/lib/x86_64-linux-gnu/:/lib/../lib/:/usr/lib/x86_64-linux-gnu/:/usr/lib/../lib/:/usr/lib/gcc/x86_64-linux-gnu/5/../../../:/lib/:/usr/lib/
COLLECT_GCC_OPTIONS='-v' '-o' 'cmTC_8eac4' '-rdynamic' '-shared-libgcc' '-mtune=generic' '-march=x86-64'
 /usr/lib/gcc/x86_64-linux-gnu/5/collect2 -plugin /usr/lib/gcc/x86_64-linux-gnu/5/liblto_plugin.so -plugin-opt=/usr/lib/gcc/x86_64-linux-gnu/5/lto-wrapper -plugin-opt=-fresolution=/tmp/ccElpDnN.res -plugin-opt=-pass-through=-lgcc_s -plugin-opt=-pass-through=-lgcc -plugin-opt=-pass-through=-lc -plugin-opt=-pass-through=-lgcc_s -plugin-opt=-pass-through=-lgcc --sysroot=/ --build-id --eh-frame-hdr -m elf_x86_64 --hash-style=gnu --as-needed -export-dynamic -dynamic-linker /lib64/ld-linux-x86-64.so.2 -z relro -o cmTC_8eac4 /usr/lib/gcc/x86_64-linux-gnu/5/../../../x86_64-linux-gnu/crt1.o /usr/lib/gcc/x86_64-linux-gnu/5/../../../x86_64-linux-gnu/crti.o /usr/lib/gcc/x86_64-linux-gnu/5/crtbegin.o -L/usr/lib/gcc/x86_64-linux-gnu/5 -L/usr/lib/gcc/x86_64-linux-gnu/5/../../../x86_64-linux-gnu -L/usr/lib/gcc/x86_64-linux-gnu/5/../../../../lib -L/lib/x86_64-linux-gnu -L/lib/../lib -L/usr/lib/x86_64-linux-gnu -L/usr/lib/../lib -L/usr/lib/gcc/x86_64-linux-gnu/5/../../.. CMakeFiles/cmTC_8eac4.dir/CMakeCXXCompilerABI.cpp.o -lstdc++ -lm -lgcc_s -lgcc -lc -lgcc_s -lgcc /usr/lib/gcc/x86_64-linux-gnu/5/crtend.o /usr/lib/gcc/x86_64-linux-gnu/5/../../../x86_64-linux-gnu/crtn.o
make[1]: Leaving directory '/home/liavt/Desktop/TitanGame/build/CMakeFiles/CMakeTmp'


Parsed CXX implicit link information from above output:
  link line regex: [^( *|.*[/\])(ld|([^/\]+-)?ld|collect2)[^/\]*( |$)]
  ignore line: [Change Dir: /home/liavt/Desktop/TitanGame/build/CMakeFiles/CMakeTmp]
  ignore line: []
  ignore line: [Run Build Command:"/usr/bin/make" "cmTC_8eac4/fast"]
  ignore line: [/usr/bin/make -f CMakeFiles/cmTC_8eac4.dir/build.make CMakeFiles/cmTC_8eac4.dir/build]
  ignore line: [make[1]: Entering directory '/home/liavt/Desktop/TitanGame/build/CMakeFiles/CMakeTmp']
  ignore line: [Building CXX object CMakeFiles/cmTC_8eac4.dir/CMakeCXXCompilerABI.cpp.o]
  ignore line: [/usr/bin/c++      -o CMakeFiles/cmTC_8eac4.dir/CMakeCXXCompilerABI.cpp.o -c /usr/share/cmake-3.5/Modules/CMakeCXXCompilerABI.cpp]
  ignore line: [Linking CXX executable cmTC_8eac4]
  ignore line: [/usr/bin/cmake -E cmake_link_script CMakeFiles/cmTC_8eac4.dir/link.txt --verbose=1]
  ignore line: [/usr/bin/c++       -v CMakeFiles/cmTC_8eac4.dir/CMakeCXXCompilerABI.cpp.o  -o cmTC_8eac4 -rdynamic  ]
  ignore line: [Using built-in specs.]
  ignore line: [COLLECT_GCC=/usr/bin/c++]
  ignore line: [COLLECT_LTO_WRAPPER=/usr/lib/gcc/x86_64-linux-gnu/5/lto-wrapper]
  ignore line: [Target: x86_64-linux-gnu]
  ignore line: [Configured with: ../src/configure -v --with-pkgversion='Ubuntu 5.4.0-6ubuntu1~16.04.5' --with-bugurl=file:///usr/share/doc/gcc-5/README.Bugs --enable-languages=c,ada,c++,java,go,d,fortran,objc,obj-c++ --prefix=/usr --program-suffix=-5 --enable-shared --enable-linker-build-id --libexecdir=/usr/lib --without-included-gettext --enable-threads=posix --libdir=/usr/lib --enable-nls --with-sysroot=/ --enable-clocale=gnu --enable-libstdcxx-debug --enable-libstdcxx-time=yes --with-default-libstdcxx-abi=new --enable-gnu-unique-object --disable-vtable-verify --enable-libmpx --enable-plugin --with-system-zlib --disable-browser-plugin --enable-java-awt=gtk --enable-gtk-cairo --with-java-home=/usr/lib/jvm/java-1.5.0-gcj-5-amd64/jre --enable-java-home --with-jvm-root-dir=/usr/lib/jvm/java-1.5.0-gcj-5-amd64 --with-jvm-jar-dir=/usr/lib/jvm-exports/java-1.5.0-gcj-5-amd64 --with-arch-directory=amd64 --with-ecj-jar=/usr/share/java/eclipse-ecj.jar --enable-objc-gc --enable-multiarch --disable-werror --with-arch-32=i686 --with-abi=m64 --with-multilib-list=m32,m64,mx32 --enable-multilib --with-tune=generic --enable-checking=release --build=x86_64-linux-gnu --host=x86_64-linux-gnu --target=x86_64-linux-gnu]
  ignore line: [Thread model: posix]
  ignore line: [gcc version 5.4.0 20160609 (Ubuntu 5.4.0-6ubuntu1~16.04.5) ]
  ignore line: [COMPILER_PATH=/usr/lib/gcc/x86_64-linux-gnu/5/:/usr/lib/gcc/x86_64-linux-gnu/5/:/usr/lib/gcc/x86_64-linux-gnu/:/usr/lib/gcc/x86_64-linux-gnu/5/:/usr/lib/gcc/x86_64-linux-gnu/]
  ignore line: [LIBRARY_PATH=/usr/lib/gcc/x86_64-linux-gnu/5/:/usr/lib/gcc/x86_64-linux-gnu/5/../../../x86_64-linux-gnu/:/usr/lib/gcc/x86_64-linux-gnu/5/../../../../lib/:/lib/x86_64-linux-gnu/:/lib/../lib/:/usr/lib/x86_64-linux-gnu/:/usr/lib/../lib/:/usr/lib/gcc/x86_64-linux-gnu/5/../../../:/lib/:/usr/lib/]
  ignore line: [COLLECT_GCC_OPTIONS='-v' '-o' 'cmTC_8eac4' '-rdynamic' '-shared-libgcc' '-mtune=generic' '-march=x86-64']
  link line: [ /usr/lib/gcc/x86_64-linux-gnu/5/collect2 -plugin /usr/lib/gcc/x86_64-linux-gnu/5/liblto_plugin.so -plugin-opt=/usr/lib/gcc/x86_64-linux-gnu/5/lto-wrapper -plugin-opt=-fresolution=/tmp/ccElpDnN.res -plugin-opt=-pass-through=-lgcc_s -plugin-opt=-pass-through=-lgcc -plugin-opt=-pass-through=-lc -plugin-opt=-pass-through=-lgcc_s -plugin-opt=-pass-through=-lgcc --sysroot=/ --build-id --eh-frame-hdr -m elf_x86_64 --hash-style=gnu --as-needed -export-dynamic -dynamic-linker /lib64/ld-linux-x86-64.so.2 -z relro -o cmTC_8eac4 /usr/lib/gcc/x86_64-linux-gnu/5/../../../x86_64-linux-gnu/crt1.o /usr/lib/gcc/x86_64-linux-gnu/5/../../../x86_64-linux-gnu/crti.o /usr/lib/gcc/x86_64-linux-gnu/5/crtbegin.o -L/usr/lib/gcc/x86_64-linux-gnu/5 -L/usr/lib/gcc/x86_64-linux-gnu/5/../../../x86_64-linux-gnu -L/usr/lib/gcc/x86_64-linux-gnu/5/../../../../lib -L/lib/x86_64-linux-gnu -L/lib/../lib -L/usr/lib/x86_64-linux-gnu -L/usr/lib/../lib -L/usr/lib/gcc/x86_64-linux-gnu/5/../../.. CMakeFiles/cmTC_8eac4.dir/CMakeCXXCompilerABI.cpp.o -lstdc++ -lm -lgcc_s -lgcc -lc -lgcc_s -lgcc /usr/lib/gcc/x86_64-linux-gnu/5/crtend.o /usr/lib/gcc/x86_64-linux-gnu/5/../../../x86_64-linux-gnu/crtn.o]
    arg [/usr/lib/gcc/x86_64-linux-gnu/5/collect2] ==> ignore
    arg [-plugin] ==> ignore
    arg [/usr/lib/gcc/x86_64-linux-gnu/5/liblto_plugin.so] ==> ignore
    arg [-plugin-opt=/usr/lib/gcc/x86_64-linux-gnu/5/lto-wrapper] ==> ignore
    arg [-plugin-opt=-fresolution=/tmp/ccElpDnN.res] ==> ignore
    arg [-plugin-opt=-pass-through=-lgcc_s] ==> ignore
    arg [-plugin-opt=-pass-through=-lgcc] ==> ignore
    arg [-plugin-opt=-pass-through=-lc] ==> ignore
    arg [-plugin-opt=-pass-through=-lgcc_s] ==> ignore
    arg [-plugin-opt=-pass-through=-lgcc] ==> ignore
    arg [--sysroot=/] ==> ignore
    arg [--build-id] ==> ignore
    arg [--eh-frame-hdr] ==> ignore
    arg [-m] ==> ignore
    arg [elf_x86_64] ==> ignore
    arg [--hash-style=gnu] ==> ignore
    arg [--as-needed] ==> ignore
    arg [-export-dynamic] ==> ignore
    arg [-dynamic-linker] ==> ignore
    arg [/lib64/ld-linux-x86-64.so.2] ==> ignore
    arg [-zrelro] ==> ignore
    arg [-o] ==> ignore
    arg [cmTC_8eac4] ==> ignore
    arg [/usr/lib/gcc/x86_64-linux-gnu/5/../../../x86_64-linux-gnu/crt1.o] ==> ignore
    arg [/usr/lib/gcc/x86_64-linux-gnu/5/../../../x86_64-linux-gnu/crti.o] ==> ignore
    arg [/usr/lib/gcc/x86_64-linux-gnu/5/crtbegin.o] ==> ignore
    arg [-L/usr/lib/gcc/x86_64-linux-gnu/5] ==> dir [/usr/lib/gcc/x86_64-linux-gnu/5]
    arg [-L/usr/lib/gcc/x86_64-linux-gnu/5/../../../x86_64-linux-gnu] ==> dir [/usr/lib/gcc/x86_64-linux-gnu/5/../../../x86_64-linux-gnu]
    arg [-L/usr/lib/gcc/x86_64-linux-gnu/5/../../../../lib] ==> dir [/usr/lib/gcc/x86_64-linux-gnu/5/../../../../lib]
    arg [-L/lib/x86_64-linux-gnu] ==> dir [/lib/x86_64-linux-gnu]
    arg [-L/lib/../lib] ==> dir [/lib/../lib]
    arg [-L/usr/lib/x86_64-linux-gnu] ==> dir [/usr/lib/x86_64-linux-gnu]
    arg [-L/usr/lib/../lib] ==> dir [/usr/lib/../lib]
    arg [-L/usr/lib/gcc/x86_64-linux-gnu/5/../../..] ==> dir [/usr/lib/gcc/x86_64-linux-gnu/5/../../..]
    arg [CMakeFiles/cmTC_8eac4.dir/CMakeCXXCompilerABI.cpp.o] ==> ignore
    arg [-lstdc++] ==> lib [stdc++]
    arg [-lm] ==> lib [m]
    arg [-lgcc_s] ==> lib [gcc_s]
    arg [-lgcc] ==> lib [gcc]
    arg [-lc] ==> lib [c]
    arg [-lgcc_s] ==> lib [gcc_s]
    arg [-lgcc] ==> lib [gcc]
    arg [/usr/lib/gcc/x86_64-linux-gnu/5/crtend.o] ==> ignore
    arg [/usr/lib/gcc/x86_64-linux-gnu/5/../../../x86_64-linux-gnu/crtn.o] ==> ignore
  remove lib [gcc_s]
  remove lib [gcc]
  remove lib [gcc_s]
  remove lib [gcc]
  collapse library dir [/usr/lib/gcc/x86_64-linux-gnu/5] ==> [/usr/lib/gcc/x86_64-linux-gnu/5]
  collapse library dir [/usr/lib/gcc/x86_64-linux-gnu/5/../../../x86_64-linux-gnu] ==> [/usr/lib/x86_64-linux-gnu]
  collapse library dir [/usr/lib/gcc/x86_64-linux-gnu/5/../../../../lib] ==> [/usr/lib]
  collapse library dir [/lib/x86_64-linux-gnu] ==> [/lib/x86_64-linux-gnu]
  collapse library dir [/lib/../lib] ==> [/lib]
  collapse library dir [/usr/lib/x86_64-linux-gnu] ==> [/usr/lib/x86_64-linux-gnu]
  collapse library dir [/usr/lib/../lib] ==> [/usr/lib]
  collapse library dir [/usr/lib/gcc/x86_64-linux-gnu/5/../../..] ==> [/usr/lib]
  implicit libs: [stdc++;m;c]
  implicit dirs: [/usr/lib/gcc/x86_64-linux-gnu/5;/usr/lib/x86_64-linux-gnu;/usr/lib;/lib/x86_64-linux-gnu;/lib]
  implicit fwks: []




Detecting CXX [-std=c++14] compiler features compiled with the following output:
Change Dir: /home/liavt/Desktop/TitanGame/build/CMakeFiles/CMakeTmp

Run Build Command:"/usr/bin/make" "cmTC_346a5/fast"
/usr/bin/make -f CMakeFiles/cmTC_346a5.dir/build.make CMakeFiles/cmTC_346a5.dir/build
make[1]: Entering directory '/home/liavt/Desktop/TitanGame/build/CMakeFiles/CMakeTmp'
Building CXX object CMakeFiles/cmTC_346a5.dir/feature_tests.cxx.o
/usr/bin/c++     -std=c++14 -o CMakeFiles/cmTC_346a5.dir/feature_tests.cxx.o -c /home/liavt/Desktop/TitanGame/build/CMakeFiles/feature_tests.cxx
Linking CXX executable cmTC_346a5
/usr/bin/cmake -E cmake_link_script CMakeFiles/cmTC_346a5.dir/link.txt --verbose=1
/usr/bin/c++        CMakeFiles/cmTC_346a5.dir/feature_tests.cxx.o  -o cmTC_346a5 -rdynamic 
make[1]: Leaving directory '/home/liavt/Desktop/TitanGame/build/CMakeFiles/CMakeTmp'


    Feature record: CXX_FEATURE:1cxx_aggregate_default_initializers
    Feature record: CXX_FEATURE:1cxx_alias_templates
    Feature record: CXX_FEATURE:1cxx_alignas
    Feature record: CXX_FEATURE:1cxx_alignof
    Feature record: CXX_FEATURE:1cxx_attributes
    Feature record: CXX_FEATURE:1cxx_attribute_deprecated
    Feature record: CXX_FEATURE:1cxx_auto_type
    Feature record: CXX_FEATURE:1cxx_binary_literals
    Feature record: CXX_FEATURE:1cxx_constexpr
    Feature record: CXX_FEATURE:1cxx_contextual_conversions
    Feature record: CXX_FEATURE:1cxx_decltype
    Feature record: CXX_FEATURE:1cxx_decltype_auto
    Feature record: CXX_FEATURE:1cxx_decltype_incomplete_return_types
    Feature record: CXX_FEATURE:1cxx_default_function_template_args
    Feature record: CXX_FEATURE:1cxx_defaulted_functions
    Feature record: CXX_FEATURE:1cxx_defaulted_move_initializers
    Feature record: CXX_FEATURE:1cxx_delegating_constructors
    Feature record: CXX_FEATURE:1cxx_deleted_functions
    Feature record: CXX_FEATURE:1cxx_digit_separators
    Feature record: CXX_FEATURE:1cxx_enum_forward_declarations
    Feature record: CXX_FEATURE:1cxx_explicit_conversions
    Feature record: CXX_FEATURE:1cxx_extended_friend_declarations
    Feature record: CXX_FEATURE:1cxx_extern_templates
    Feature record: CXX_FEATURE:1cxx_final
    Feature record: CXX_FEATURE:1cxx_func_identifier
    Feature record: CXX_FEATURE:1cxx_generalized_initializers
    Feature record: CXX_FEATURE:1cxx_generic_lambdas
    Feature record: CXX_FEATURE:1cxx_inheriting_constructors
    Feature record: CXX_FEATURE:1cxx_inline_namespaces
    Feature record: CXX_FEATURE:1cxx_lambdas
    Feature record: CXX_FEATURE:1cxx_lambda_init_captures
    Feature record: CXX_FEATURE:1cxx_local_type_template_args
    Feature record: CXX_FEATURE:1cxx_long_long_type
    Feature record: CXX_FEATURE:1cxx_noexcept
    Feature record: CXX_FEATURE:1cxx_nonstatic_member_init
    Feature record: CXX_FEATURE:1cxx_nullptr
    Feature record: CXX_FEATURE:1cxx_override
    Feature record: CXX_FEATURE:1cxx_range_for
    Feature record: CXX_FEATURE:1cxx_raw_string_literals
    Feature record: CXX_FEATURE:1cxx_reference_qualified_functions
    Feature record: CXX_FEATURE:1cxx_relaxed_constexpr
    Feature record: CXX_FEATURE:1cxx_return_type_deduction
    Feature record: CXX_FEATURE:1cxx_right_angle_brackets
    Feature record: CXX_FEATURE:1cxx_rvalue_references
    Feature record: CXX_FEATURE:1cxx_sizeof_member
    Feature record: CXX_FEATURE:1cxx_static_assert
    Feature record: CXX_FEATURE:1cxx_strong_enums
    Feature record: CXX_FEATURE:1cxx_template_template_parameters
    Feature record: CXX_FEATURE:1cxx_thread_local
    Feature record: CXX_FEATURE:1cxx_trailing_return_types
    Feature record: CXX_FEATURE:1cxx_unicode_literals
    Feature record: CXX_FEATURE:1cxx_uniform_initialization
    Feature record: CXX_FEATURE:1cxx_unrestricted_unions
    Feature record: CXX_FEATURE:1cxx_user_literals
    Feature record: CXX_FEATURE:1cxx_variable_templates
    Feature record: CXX_FEATURE:1cxx_variadic_macros
    Feature record: CXX_FEATURE:1cxx_variadic_templates
Compiling the C compiler identification source file "CMakeCCompilerId.c" succeeded.
Compiler: /usr/bin/cc 
Build flags: 
Id flags: 

The output was:
0


Compilation of the C compiler identification source "CMakeCCompilerId.c" produced "a.out"

The C compiler identification is GNU, found in "/home/liavt/Desktop/TitanGame/build/CMakeFiles/3.5.1/CompilerIdC/a.out"

Determining if the C compiler works passed with the following output:
Change Dir: /home/liavt/Desktop/TitanGame/build/CMakeFiles/CMakeTmp

Run Build Command:"/usr/bin/make" "cmTC_b1ad3/fast"
/usr/bin/make -f CMakeFiles/cmTC_b1ad3.dir/build.make CMakeFiles/cmTC_b1ad3.dir/build
make[1]: Entering directory '/home/liavt/Desktop/TitanGame/build/CMakeFiles/CMakeTmp'
Building C object CMakeFiles/cmTC_b1ad3.dir/testCCompiler.c.o
/usr/bin/cc     -o CMakeFiles/cmTC_b1ad3.dir/testCCompiler.c.o   -c /home/liavt/Desktop/TitanGame/build/CMakeFiles/CMakeTmp/testCCompiler.c
Linking C executable cmTC_b1ad3
/usr/bin/cmake -E cmake_link_script CMakeFiles/cmTC_b1ad3.dir/link.txt --verbose=1
/usr/bin/cc       CMakeFiles/cmTC_b1ad3.dir/testCCompiler.c.o  -o cmTC_b1ad3 -rdynamic 
make[1]: Leaving directory '/home/liavt/Desktop/TitanGame/build/CMakeFiles/CMakeTmp'


Detecting C compiler ABI info compiled with the following output:
Change Dir: /home/liavt/Desktop/TitanGame/build/CMakeFiles/CMakeTmp

Run Build Command:"/usr/bin/make" "cmTC_33b7c/fast"
/usr/bin/make -f CMakeFiles/cmTC_33b7c.dir/build.make CMakeFiles/cmTC_33b7c.dir/build
make[1]: Entering directory '/home/liavt/Desktop/TitanGame/build/CMakeFiles/CMakeTmp'
Building C object CMakeFiles/cmTC_33b7c.dir/CMakeCCompilerABI.c.o
/usr/bin/cc     -o CMakeFiles/cmTC_33b7c.dir/CMakeCCompilerABI.c.o   -c /usr/share/cmake-3.5/Modules/CMakeCCompilerABI.c
Linking C executable cmTC_33b7c
/usr/bin/cmake -E cmake_link_script CMakeFiles/cmTC_33b7c.dir/link.txt --verbose=1
/usr/bin/cc      -v CMakeFiles/cmTC_33b7c.dir/CMakeCCompilerABI.c.o  -o cmTC_33b7c -rdynamic  
Using built-in specs.
COLLECT_GCC=/usr/bin/cc
COLLECT_LTO_WRAPPER=/usr/lib/gcc/x86_64-linux-gnu/5/lto-wrapper
Target: x86_64-linux-gnu
Configured with: ../src/configure -v --with-pkgversion='Ubuntu 5.4.0-6ubuntu1~16.04.5' --with-bugurl=file:///usr/share/doc/gcc-5/README.Bugs --enable-languages=c,ada,c++,java,go,d,fortran,objc,obj-c++ --prefix=/usr --program-suffix=-5 --enable-shared --enable-linker-build-id --libexecdir=/usr/lib --without-included-gettext --enable-threads=posix --libdir=/usr/lib --enable-nls --with-sysroot=/ --enable-clocale=gnu --enable-libstdcxx-debug --enable-libstdcxx-time=yes --with-default-libstdcxx-abi=new --enable-gnu-unique-object --disable-vtable-verify --enable-libmpx --enable-plugin --with-system-zlib --disable-browser-plugin --enable-java-awt=gtk --enable-gtk-cairo --with-java-home=/usr/lib/jvm/java-1.5.0-gcj-5-amd64/jre --enable-java-home --with-jvm-root-dir=/usr/lib/jvm/java-1.5.0-gcj-5-amd64 --with-jvm-jar-dir=/usr/lib/jvm-exports/java-1.5.0-gcj-5-amd64 --with-arch-directory=amd64 --with-ecj-jar=/usr/share/java/eclipse-ecj.jar --enable-objc-gc --enable-multiarch --disable-werror --with-arch-32=i686 --with-abi=m64 --with-multilib-list=m32,m64,mx32 --enable-multilib --with-tune=generic --enable-checking=release --build=x86_64-linux-gnu --host=x86_64-linux-gnu --target=x86_64-linux-gnu
Thread model: posix
gcc version 5.4.0 20160609 (Ubuntu 5.4.0-6ubuntu1~16.04.5) 
COMPILER_PATH=/usr/lib/gcc/x86_64-linux-gnu/5/:/usr/lib/gcc/x86_64-linux-gnu/5/:/usr/lib/gcc/x86_64-linux-gnu/:/usr/lib/gcc/x86_64-linux-gnu/5/:/usr/lib/gcc/x86_64-linux-gnu/
LIBRARY_PATH=/usr/lib/gcc/x86_64-linux-gnu/5/:/usr/lib/gcc/x86_64-linux-gnu/5/../../../x86_64-linux-gnu/:/usr/lib/gcc/x86_64-linux-gnu/5/../../../../lib/:/lib/x86_64-linux-gnu/:/lib/../lib/:/usr/lib/x86_64-linux-gnu/:/usr/lib/../lib/:/usr/lib/gcc/x86_64-linux-gnu/5/../../../:/lib/:/usr/lib/
COLLECT_GCC_OPTIONS='-v' '-o' 'cmTC_33b7c' '-rdynamic' '-mtune=generic' '-march=x86-64'
 /usr/lib/gcc/x86_64-linux-gnu/5/collect2 -plugin /usr/lib/gcc/x86_64-linux-gnu/5/liblto_plugin.so -plugin-opt=/usr/lib/gcc/x86_64-linux-gnu/5/lto-wrapper -plugin-opt=-fresolution=/tmp/ccsa5aZJ.res -plugin-opt=-pass-through=-lgcc -plugin-opt=-pass-through=-lgcc_s -plugin-opt=-pass-through=-lc -plugin-opt=-pass-through=-lgcc -plugin-opt=-pass-through=-lgcc_s --sysroot=/ --build-id --eh-frame-hdr -m elf_x86_64 --hash-style=gnu --as-needed -export-dynamic -dynamic-linker /lib64/ld-linux-x86-64.so.2 -z relro -o cmTC_33b7c /usr/lib/gcc/x86_64-linux-gnu/5/../../../x86_64-linux-gnu/crt1.o /usr/lib/gcc/x86_64-linux-gnu/5/../../../x86_64-linux-gnu/crti.o /usr/lib/gcc/x86_64-linux-gnu/5/crtbegin.o -L/usr/lib/gcc/x86_64-linux-gnu/5 -L/usr/lib/gcc/x86_64-linux-gnu/5/../../../x86_64-linux-gnu -L/usr/lib/gcc/x86_64-linux-gnu/5/../../../../lib -L/lib/x86_64-linux-gnu -L/lib/../lib -L/usr/lib/x86_64-linux-gnu -L/usr/lib/../lib -L/usr/lib/gcc/x86_64-linux-gnu/5/../../.. CMakeFiles/cmTC_33b7c.dir/CMakeCCompilerABI.c.o -lgcc --as-needed -lgcc_s --no-as-needed -lc -lgcc --as-needed -lgcc_s --no-as-needed /usr/lib/gcc/x86_64-linux-gnu/5/crtend.o /usr/lib/gcc/x86_64-linux-gnu/5/../../../x86_64-linux-gnu/crtn.o
make[1]: Leaving directory '/home/liavt/Desktop/TitanGame/build/CMakeFiles/CMakeTmp'


Parsed C implicit link information from above output:
  link line regex: [^( *|.*[/\])(ld|([^/\]+-)?ld|collect2)[^/\]*( |$)]
  ignore line: [Change Dir: /home/liavt/Desktop/TitanGame/build/CMakeFiles/CMakeTmp]
  ignore line: []
  ignore line: [Run Build Command:"/usr/bin/make" "cmTC_33b7c/fast"]
  ignore line: [/usr/bin/make -f CMakeFiles/cmTC_33b7c.dir/build.make CMakeFiles/cmTC_33b7c.dir/build]
  ignore line: [make[1]: Entering directory '/home/liavt/Desktop/TitanGame/build/CMakeFiles/CMakeTmp']
  ignore line: [Building C object CMakeFiles/cmTC_33b7c.dir/CMakeCCompilerABI.c.o]
  ignore line: [/usr/bin/cc     -o CMakeFiles/cmTC_33b7c.dir/CMakeCCompilerABI.c.o   -c /usr/share/cmake-3.5/Modules/CMakeCCompilerABI.c]
  ignore line: [Linking C executable cmTC_33b7c]
  ignore line: [/usr/bin/cmake -E cmake_link_script CMakeFiles/cmTC_33b7c.dir/link.txt --verbose=1]
  ignore line: [/usr/bin/cc      -v CMakeFiles/cmTC_33b7c.dir/CMakeCCompilerABI.c.o  -o cmTC_33b7c -rdynamic  ]
  ignore line: [Using built-in specs.]
  ignore line: [COLLECT_GCC=/usr/bin/cc]
  ignore line: [COLLECT_LTO_WRAPPER=/usr/lib/gcc/x86_64-linux-gnu/5/lto-wrapper]
  ignore line: [Target: x86_64-linux-gnu]
  ignore line: [Configured with: ../src/configure -v --with-pkgversion='Ubuntu 5.4.0-6ubuntu1~16.04.5' --with-bugurl=file:///usr/share/doc/gcc-5/README.Bugs --enable-languages=c,ada,c++,java,go,d,fortran,objc,obj-c++ --prefix=/usr --program-suffix=-5 --enable-shared --enable-linker-build-id --libexecdir=/usr/lib --without-included-gettext --enable-threads=posix --libdir=/usr/lib --enable-nls --with-sysroot=/ --enable-clocale=gnu --enable-libstdcxx-debug --enable-libstdcxx-time=yes --with-default-libstdcxx-abi=new --enable-gnu-unique-object --disable-vtable-verify --enable-libmpx --enable-plugin --with-system-zlib --disable-browser-plugin --enable-java-awt=gtk --enable-gtk-cairo --with-java-home=/usr/lib/jvm/java-1.5.0-gcj-5-amd64/jre --enable-java-home --with-jvm-root-dir=/usr/lib/jvm/java-1.5.0-gcj-5-amd64 --with-jvm-jar-dir=/usr/lib/jvm-exports/java-1.5.0-gcj-5-amd64 --with-arch-directory=amd64 --with-ecj-jar=/usr/share/java/eclipse-ecj.jar --enable-objc-gc --enable-multiarch --disable-werror --with-arch-32=i686 --with-abi=m64 --with-multilib-list=m32,m64,mx32 --enable-multilib --with-tune=generic --enable-checking=release --build=x86_64-linux-gnu --host=x86_64-linux-gnu --target=x86_64-linux-gnu]
  ignore line: [Thread model: posix]
  ignore line: [gcc version 5.4.0 20160609 (Ubuntu 5.4.0-6ubuntu1~16.04.5) ]
  ignore line: [COMPILER_PATH=/usr/lib/gcc/x86_64-linux-gnu/5/:/usr/lib/gcc/x86_64-linux-gnu/5/:/usr/lib/gcc/x86_64-linux-gnu/:/usr/lib/gcc/x86_64-linux-gnu/5/:/usr/lib/gcc/x86_64-linux-gnu/]
  ignore line: [LIBRARY_PATH=/usr/lib/gcc/x86_64-linux-gnu/5/:/usr/lib/gcc/x86_64-linux-gnu/5/../../../x86_64-linux-gnu/:/usr/lib/gcc/x86_64-linux-gnu/5/../../../../lib/:/lib/x86_64-linux-gnu/:/lib/../lib/:/usr/lib/x86_64-linux-gnu/:/usr/lib/../lib/:/usr/lib/gcc/x86_64-linux-gnu/5/../../../:/lib/:/usr/lib/]
  ignore line: [COLLECT_GCC_OPTIONS='-v' '-o' 'cmTC_33b7c' '-rdynamic' '-mtune=generic' '-march=x86-64']
  link line: [ /usr/lib/gcc/x86_64-linux-gnu/5/collect2 -plugin /usr/lib/gcc/x86_64-linux-gnu/5/liblto_plugin.so -plugin-opt=/usr/lib/gcc/x86_64-linux-gnu/5/lto-wrapper -plugin-opt=-fresolution=/tmp/ccsa5aZJ.res -plugin-opt=-pass-through=-lgcc -plugin-opt=-pass-through=-lgcc_s -plugin-opt=-pass-through=-lc -plugin-opt=-pass-through=-lgcc -plugin-opt=-pass-through=-lgcc_s --sysroot=/ --build-id --eh-frame-hdr -m elf_x86_64 --hash-style=gnu --as-needed -export-dynamic -dynamic-linker /lib64/ld-linux-x86-64.so.2 -z relro -o cmTC_33b7c /usr/lib/gcc/x86_64-linux-gnu/5/../../../x86_64-linux-gnu/crt1.o /usr/lib/gcc/x86_64-linux-gnu/5/../../../x86_64-linux-gnu/crti.o /usr/lib/gcc/x86_64-linux-gnu/5/crtbegin.o -L/usr/lib/gcc/x86_64-linux-gnu/5 -L/usr/lib/gcc/x86_64-linux-gnu/5/../../../x86_64-linux-gnu -L/usr/lib/gcc/x86_64-linux-gnu/5/../../../../lib -L/lib/x86_64-linux-gnu -L/lib/../lib -L/usr/lib/x86_64-linux-gnu -L/usr/lib/../lib -L/usr/lib/gcc/x86_64-linux-gnu/5/../../.. CMakeFiles/cmTC_33b7c.dir/CMakeCCompilerABI.c.o -lgcc --as-needed -lgcc_s --no-as-needed -lc -lgcc --as-needed -lgcc_s --no-as-needed /usr/lib/gcc/x86_64-linux-gnu/5/crtend.o /usr/lib/gcc/x86_64-linux-gnu/5/../../../x86_64-linux-gnu/crtn.o]
    arg [/usr/lib/gcc/x86_64-linux-gnu/5/collect2] ==> ignore
    arg [-plugin] ==> ignore
    arg [/usr/lib/gcc/x86_64-linux-gnu/5/liblto_plugin.so] ==> ignore
    arg [-plugin-opt=/usr/lib/gcc/x86_64-linux-gnu/5/lto-wrapper] ==> ignore
    arg [-plugin-opt=-fresolution=/tmp/ccsa5aZJ.res] ==> ignore
    arg [-plugin-opt=-pass-through=-lgcc] ==> ignore
    arg [-plugin-opt=-pass-through=-lgcc_s] ==> ignore
    arg [-plugin-opt=-pass-through=-lc] ==> ignore
    arg [-plugin-opt=-pass-through=-lgcc] ==> ignore
    arg [-plugin-opt=-pass-through=-lgcc_s] ==> ignore
    arg [--sysroot=/] ==> ignore
    arg [--build-id] ==> ignore
    arg [--eh-frame-hdr] ==> ignore
    arg [-m] ==> ignore
    arg [elf_x86_64] ==> ignore
    arg [--hash-style=gnu] ==> ignore
    arg [--as-needed] ==> ignore
    arg [-export-dynamic] ==> ignore
    arg [-dynamic-linker] ==> ignore
    arg [/lib64/ld-linux-x86-64.so.2] ==> ignore
    arg [-zrelro] ==> ignore
    arg [-o] ==> ignore
    arg [cmTC_33b7c] ==> ignore
    arg [/usr/lib/gcc/x86_64-linux-gnu/5/../../../x86_64-linux-gnu/crt1.o] ==> ignore
    arg [/usr/lib/gcc/x86_64-linux-gnu/5/../../../x86_64-linux-gnu/crti.o] ==> ignore
    arg [/usr/lib/gcc/x86_64-linux-gnu/5/crtbegin.o] ==> ignore
    arg [-L/usr/lib/gcc/x86_64-linux-gnu/5] ==> dir [/usr/lib/gcc/x86_64-linux-gnu/5]
    arg [-L/usr/lib/gcc/x86_64-linux-gnu/5/../../../x86_64-linux-gnu] ==> dir [/usr/lib/gcc/x86_64-linux-gnu/5/../../../x86_64-linux-gnu]
    arg [-L/usr/lib/gcc/x86_64-linux-gnu/5/../../../../lib] ==> dir [/usr/lib/gcc/x86_64-linux-gnu/5/../../../../lib]
    arg [-L/lib/x86_64-linux-gnu] ==> dir [/lib/x86_64-linux-gnu]
    arg [-L/lib/../lib] ==> dir [/lib/../lib]
    arg [-L/usr/lib/x86_64-linux-gnu] ==> dir [/usr/lib/x86_64-linux-gnu]
    arg [-L/usr/lib/../lib] ==> dir [/usr/lib/../lib]
    arg [-L/usr/lib/gcc/x86_64-linux-gnu/5/../../..] ==> dir [/usr/lib/gcc/x86_64-linux-gnu/5/../../..]
    arg [CMakeFiles/cmTC_33b7c.dir/CMakeCCompilerABI.c.o] ==> ignore
    arg [-lgcc] ==> lib [gcc]
    arg [--as-needed] ==> ignore
    arg [-lgcc_s] ==> lib [gcc_s]
    arg [--no-as-needed] ==> ignore
    arg [-lc] ==> lib [c]
    arg [-lgcc] ==> lib [gcc]
    arg [--as-needed] ==> ignore
    arg [-lgcc_s] ==> lib [gcc_s]
    arg [--no-as-needed] ==> ignore
    arg [/usr/lib/gcc/x86_64-linux-gnu/5/crtend.o] ==> ignore
    arg [/usr/lib/gcc/x86_64-linux-gnu/5/../../../x86_64-linux-gnu/crtn.o] ==> ignore
  remove lib [gcc]
  remove lib [gcc_s]
  remove lib [gcc]
  remove lib [gcc_s]
  collapse library dir [/usr/lib/gcc/x86_64-linux-gnu/5] ==> [/usr/lib/gcc/x86_64-linux-gnu/5]
  collapse library dir [/usr/lib/gcc/x86_64-linux-gnu/5/../../../x86_64-linux-gnu] ==> [/usr/lib/x86_64-linux-gnu]
  collapse library dir [/usr/lib/gcc/x86_64-linux-gnu/5/../../../../lib] ==> [/usr/lib]
  collapse library dir [/lib/x86_64-linux-gnu] ==> [/lib/x86_64-linux-gnu]
  collapse library dir [/lib/../lib] ==> [/lib]
  collapse library dir [/usr/lib/x86_64-linux-gnu] ==> [/usr/lib/x86_64-linux-gnu]
  collapse library dir [/usr/lib/../lib] ==> [/usr/lib]
  collapse library dir [/usr/lib/gcc/x86_64-linux-gnu/5/../../..] ==> [/usr/lib]
  implicit libs: [c]
  implicit dirs: [/usr/lib/gcc/x86_64-linux-gnu/5;/usr/lib/x86_64-linux-gnu;/usr/lib;/lib/x86_64-linux-gnu;/lib]
  implicit fwks: []




Detecting C [-std=c11] compiler features compiled with the following output:
Change Dir: /home/liavt/Desktop/TitanGame/build/CMakeFiles/CMakeTmp

Run Build Command:"/usr/bin/make" "cmTC_3b568/fast"
/usr/bin/make -f CMakeFiles/cmTC_3b568.dir/build.make CMakeFiles/cmTC_3b568.dir/build
make[1]: Entering directory '/home/liavt/Desktop/TitanGame/build/CMakeFiles/CMakeTmp'
Building C object CMakeFiles/cmTC_3b568.dir/feature_tests.c.o
/usr/bin/cc    -std=c11 -o CMakeFiles/cmTC_3b568.dir/feature_tests.c.o   -c /home/liavt/Desktop/TitanGame/build/CMakeFiles/feature_tests.c
Linking C executable cmTC_3b568
/usr/bin/cmake -E cmake_link_script CMakeFiles/cmTC_3b568.dir/link.txt --verbose=1
/usr/bin/cc       CMakeFiles/cmTC_3b568.dir/feature_tests.c.o  -o cmTC_3b568 -rdynamic 
make[1]: Leaving directory '/home/liavt/Desktop/TitanGame/build/CMakeFiles/CMakeTmp'


    Feature record: C_FEATURE:1c_function_prototypes
    Feature record: C_FEATURE:1c_restrict
    Feature record: C_FEATURE:1c_static_assert
    Feature record: C_FEATURE:1c_variadic_macros


Detecting C [-std=c99] compiler features compiled with the following output:
Change Dir: /home/liavt/Desktop/TitanGame/build/CMakeFiles/CMakeTmp

Run Build Command:"/usr/bin/make" "cmTC_b3eba/fast"
/usr/bin/make -f CMakeFiles/cmTC_b3eba.dir/build.make CMakeFiles/cmTC_b3eba.dir/build
make[1]: Entering directory '/home/liavt/Desktop/TitanGame/build/CMakeFiles/CMakeTmp'
Building C object CMakeFiles/cmTC_b3eba.dir/feature_tests.c.o
/usr/bin/cc    -std=c99 -o CMakeFiles/cmTC_b3eba.dir/feature_tests.c.o   -c /home/liavt/Desktop/TitanGame/build/CMakeFiles/feature_tests.c
Linking C executable cmTC_b3eba
/usr/bin/cmake -E cmake_link_script CMakeFiles/cmTC_b3eba.dir/link.txt --verbose=1
/usr/bin/cc       CMakeFiles/cmTC_b3eba.dir/feature_tests.c.o  -o cmTC_b3eba -rdynamic 
make[1]: Leaving directory '/home/liavt/Desktop/TitanGame/build/CMakeFiles/CMakeTmp'


    Feature record: C_FEATURE:1c_function_prototypes
    Feature record: C_FEATURE:1c_restrict
    Feature record: C_FEATURE:0c_static_assert
    Feature record: C_FEATURE:1c_variadic_macros


Detecting C [-std=c90] compiler features compiled with the following output:
Change Dir: /home/liavt/Desktop/TitanGame/build/CMakeFiles/CMakeTmp

Run Build Command:"/usr/bin/make" "cmTC_af25f/fast"
/usr/bin/make -f CMakeFiles/cmTC_af25f.dir/build.make CMakeFiles/cmTC_af25f.dir/build
make[1]: Entering directory '/home/liavt/Desktop/TitanGame/build/CMakeFiles/CMakeTmp'
Building C object CMakeFiles/cmTC_af25f.dir/feature_tests.c.o
/usr/bin/cc    -std=c90 -o CMakeFiles/cmTC_af25f.dir/feature_tests.c.o   -c /home/liavt/Desktop/TitanGame/build/CMakeFiles/feature_tests.c
Linking C executable cmTC_af25f
/usr/bin/cmake -E cmake_link_script CMakeFiles/cmTC_af25f.dir/link.txt --verbose=1
/usr/bin/cc       CMakeFiles/cmTC_af25f.dir/feature_tests.c.o  -o cmTC_af25f -rdynamic 
make[1]: Leaving directory '/home/liavt/Desktop/TitanGame/build/CMakeFiles/CMakeTmp'


    Feature record: C_FEATURE:1c_function_prototypes
    Feature record: C_FEATURE:0c_restrict
    Feature record: C_FEATURE:0c_static_assert
    Feature record: C_FEATURE:0c_variadic_macros
Determining if the include file pthread.h exists passed with the following output:
Change Dir: /home/liavt/Desktop/TitanGame/build/CMakeFiles/CMakeTmp

Run Build Command:"/usr/bin/make" "cmTC_29629/fast"
/usr/bin/make -f CMakeFiles/cmTC_29629.dir/build.make CMakeFiles/cmTC_29629.dir/build
make[1]: Entering directory '/home/liavt/Desktop/TitanGame/build/CMakeFiles/CMakeTmp'
Building C object CMakeFiles/cmTC_29629.dir/CheckIncludeFile.c.o
/usr/bin/cc     -o CMakeFiles/cmTC_29629.dir/CheckIncludeFile.c.o   -c /home/liavt/Desktop/TitanGame/build/CMakeFiles/CMakeTmp/CheckIncludeFile.c
Linking C executable cmTC_29629
/usr/bin/cmake -E cmake_link_script CMakeFiles/cmTC_29629.dir/link.txt --verbose=1
/usr/bin/cc       CMakeFiles/cmTC_29629.dir/CheckIncludeFile.c.o  -o cmTC_29629 -rdynamic 
make[1]: Leaving directory '/home/liavt/Desktop/TitanGame/build/CMakeFiles/CMakeTmp'


Determining if the function pthread_create exists in the pthread passed with the following output:
Change Dir: /home/liavt/Desktop/TitanGame/build/CMakeFiles/CMakeTmp

Run Build Command:"/usr/bin/make" "cmTC_a2d61/fast"
/usr/bin/make -f CMakeFiles/cmTC_a2d61.dir/build.make CMakeFiles/cmTC_a2d61.dir/build
make[1]: Entering directory '/home/liavt/Desktop/TitanGame/build/CMakeFiles/CMakeTmp'
Building C object CMakeFiles/cmTC_a2d61.dir/CheckFunctionExists.c.o
/usr/bin/cc    -DCHECK_FUNCTION_EXISTS=pthread_create   -o CMakeFiles/cmTC_a2d61.dir/CheckFunctionExists.c.o   -c /usr/share/cmake-3.5/Modules/CheckFunctionExists.c
Linking C executable cmTC_a2d61
/usr/bin/cmake -E cmake_link_script CMakeFiles/cmTC_a2d61.dir/link.txt --verbose=1
/usr/bin/cc   -DCHECK_FUNCTION_EXISTS=pthread_create    CMakeFiles/cmTC_a2d61.dir/CheckFunctionExists.c.o  -o cmTC_a2d61 -rdynamic -lpthread 
make[1]: Leaving directory '/home/liavt/Desktop/TitanGame/build/CMakeFiles/CMakeTmp'


Determining if the function XOpenDisplay exists in the /usr/lib/x86_64-linux-gnu/libX11.so;/usr/lib/x86_64-linux-gnu/libXext.so passed with the following output:
Change Dir: /home/liavt/Desktop/TitanGame/build/CMakeFiles/CMakeTmp

Run Build Command:"/usr/bin/make" "cmTC_9f60c/fast"
/usr/bin/make -f CMakeFiles/cmTC_9f60c.dir/build.make CMakeFiles/cmTC_9f60c.dir/build
make[1]: Entering directory '/home/liavt/Desktop/TitanGame/build/CMakeFiles/CMakeTmp'
Building C object CMakeFiles/cmTC_9f60c.dir/CheckFunctionExists.c.o
/usr/bin/cc    -DCHECK_FUNCTION_EXISTS=XOpenDisplay   -o CMakeFiles/cmTC_9f60c.dir/CheckFunctionExists.c.o   -c /usr/share/cmake-3.5/Modules/CheckFunctionExists.c
Linking C executable cmTC_9f60c
/usr/bin/cmake -E cmake_link_script CMakeFiles/cmTC_9f60c.dir/link.txt --verbose=1
/usr/bin/cc   -DCHECK_FUNCTION_EXISTS=XOpenDisplay    CMakeFiles/cmTC_9f60c.dir/CheckFunctionExists.c.o  -o cmTC_9f60c -rdynamic /usr/lib/x86_64-linux-gnu/libX11.so /usr/lib/x86_64-linux-gnu/libXext.so 
make[1]: Leaving directory '/home/liavt/Desktop/TitanGame/build/CMakeFiles/CMakeTmp'


Determining if the function gethostbyname exists passed with the following output:
Change Dir: /home/liavt/Desktop/TitanGame/build/CMakeFiles/CMakeTmp

Run Build Command:"/usr/bin/make" "cmTC_c50a3/fast"
/usr/bin/make -f CMakeFiles/cmTC_c50a3.dir/build.make CMakeFiles/cmTC_c50a3.dir/build
make[1]: Entering directory '/home/liavt/Desktop/TitanGame/build/CMakeFiles/CMakeTmp'
Building C object CMakeFiles/cmTC_c50a3.dir/CheckFunctionExists.c.o
/usr/bin/cc    -DCHECK_FUNCTION_EXISTS=gethostbyname   -o CMakeFiles/cmTC_c50a3.dir/CheckFunctionExists.c.o   -c /usr/share/cmake-3.5/Modules/CheckFunctionExists.c
Linking C executable cmTC_c50a3
/usr/bin/cmake -E cmake_link_script CMakeFiles/cmTC_c50a3.dir/link.txt --verbose=1
/usr/bin/cc   -DCHECK_FUNCTION_EXISTS=gethostbyname    CMakeFiles/cmTC_c50a3.dir/CheckFunctionExists.c.o  -o cmTC_c50a3 -rdynamic 
make[1]: Leaving directory '/home/liavt/Desktop/TitanGame/build/CMakeFiles/CMakeTmp'


Determining if the function connect exists passed with the following output:
Change Dir: /home/liavt/Desktop/TitanGame/build/CMakeFiles/CMakeTmp

Run Build Command:"/usr/bin/make" "cmTC_dd244/fast"
/usr/bin/make -f CMakeFiles/cmTC_dd244.dir/build.make CMakeFiles/cmTC_dd244.dir/build
make[1]: Entering directory '/home/liavt/Desktop/TitanGame/build/CMakeFiles/CMakeTmp'
Building C object CMakeFiles/cmTC_dd244.dir/CheckFunctionExists.c.o
/usr/bin/cc    -DCHECK_FUNCTION_EXISTS=connect   -o CMakeFiles/cmTC_dd244.dir/CheckFunctionExists.c.o   -c /usr/share/cmake-3.5/Modules/CheckFunctionExists.c
Linking C executable cmTC_dd244
/usr/bin/cmake -E cmake_link_script CMakeFiles/cmTC_dd244.dir/link.txt --verbose=1
/usr/bin/cc   -DCHECK_FUNCTION_EXISTS=connect    CMakeFiles/cmTC_dd244.dir/CheckFunctionExists.c.o  -o cmTC_dd244 -rdynamic 
make[1]: Leaving directory '/home/liavt/Desktop/TitanGame/build/CMakeFiles/CMakeTmp'


Determining if the function remove exists passed with the following output:
Change Dir: /home/liavt/Desktop/TitanGame/build/CMakeFiles/CMakeTmp

Run Build Command:"/usr/bin/make" "cmTC_c02a9/fast"
/usr/bin/make -f CMakeFiles/cmTC_c02a9.dir/build.make CMakeFiles/cmTC_c02a9.dir/build
make[1]: Entering directory '/home/liavt/Desktop/TitanGame/build/CMakeFiles/CMakeTmp'
Building C object CMakeFiles/cmTC_c02a9.dir/CheckFunctionExists.c.o
/usr/bin/cc    -DCHECK_FUNCTION_EXISTS=remove   -o CMakeFiles/cmTC_c02a9.dir/CheckFunctionExists.c.o   -c /usr/share/cmake-3.5/Modules/CheckFunctionExists.c
Linking C executable cmTC_c02a9
/usr/bin/cmake -E cmake_link_script CMakeFiles/cmTC_c02a9.dir/link.txt --verbose=1
/usr/bin/cc   -DCHECK_FUNCTION_EXISTS=remove    CMakeFiles/cmTC_c02a9.dir/CheckFunctionExists.c.o  -o cmTC_c02a9 -rdynamic 
make[1]: Leaving directory '/home/liavt/Desktop/TitanGame/build/CMakeFiles/CMakeTmp'


Determining if the function shmat exists passed with the following output:
Change Dir: /home/liavt/Desktop/TitanGame/build/CMakeFiles/CMakeTmp

Run Build Command:"/usr/bin/make" "cmTC_25986/fast"
/usr/bin/make -f CMakeFiles/cmTC_25986.dir/build.make CMakeFiles/cmTC_25986.dir/build
make[1]: Entering directory '/home/liavt/Desktop/TitanGame/build/CMakeFiles/CMakeTmp'
Building C object CMakeFiles/cmTC_25986.dir/CheckFunctionExists.c.o
/usr/bin/cc    -DCHECK_FUNCTION_EXISTS=shmat   -o CMakeFiles/cmTC_25986.dir/CheckFunctionExists.c.o   -c /usr/share/cmake-3.5/Modules/CheckFunctionExists.c
Linking C executable cmTC_25986
/usr/bin/cmake -E cmake_link_script CMakeFiles/cmTC_25986.dir/link.txt --verbose=1
/usr/bin/cc   -DCHECK_FUNCTION_EXISTS=shmat    CMakeFiles/cmTC_25986.dir/CheckFunctionExists.c.o  -o cmTC_25986 -rdynamic 
make[1]: Leaving directory '/home/liavt/Desktop/TitanGame/build/CMakeFiles/CMakeTmp'


Determining if the function IceConnectionNumber exists in the ICE passed with the following output:
Change Dir: /home/liavt/Desktop/TitanGame/build/CMakeFiles/CMakeTmp

Run Build Command:"/usr/bin/make" "cmTC_aab15/fast"
/usr/bin/make -f CMakeFiles/cmTC_aab15.dir/build.make CMakeFiles/cmTC_aab15.dir/build
make[1]: Entering directory '/home/liavt/Desktop/TitanGame/build/CMakeFiles/CMakeTmp'
Building C object CMakeFiles/cmTC_aab15.dir/CheckFunctionExists.c.o
/usr/bin/cc    -DCHECK_FUNCTION_EXISTS=IceConnectionNumber   -o CMakeFiles/cmTC_aab15.dir/CheckFunctionExists.c.o   -c /usr/share/cmake-3.5/Modules/CheckFunctionExists.c
Linking C executable cmTC_aab15
/usr/bin/cmake -E cmake_link_script CMakeFiles/cmTC_aab15.dir/link.txt --verbose=1
/usr/bin/cc   -DCHECK_FUNCTION_EXISTS=IceConnectionNumber    CMakeFiles/cmTC_aab15.dir/CheckFunctionExists.c.o  -o cmTC_aab15 -rdynamic -lICE 
make[1]: Leaving directory '/home/liavt/Desktop/TitanGame/build/CMakeFiles/CMakeTmp'


Performing C++ SOURCE FILE Test COMPILER_SUPPORTS_CXX11 succeeded with the following output:
Change Dir: /home/liavt/Desktop/TitanGame/build/CMakeFiles/CMakeTmp

Run Build Command:"/usr/bin/make" "cmTC_3b929/fast"
/usr/bin/make -f CMakeFiles/cmTC_3b929.dir/build.make CMakeFiles/cmTC_3b929.dir/build
make[1]: Entering directory '/home/liavt/Desktop/TitanGame/build/CMakeFiles/CMakeTmp'
Building CXX object CMakeFiles/cmTC_3b929.dir/src.cxx.o
/usr/bin/c++     -DCOMPILER_SUPPORTS_CXX11   -std=c++11 -o CMakeFiles/cmTC_3b929.dir/src.cxx.o -c /home/liavt/Desktop/TitanGame/build/CMakeFiles/CMakeTmp/src.cxx
Linking CXX executable cmTC_3b929
/usr/bin/cmake -E cmake_link_script CMakeFiles/cmTC_3b929.dir/link.txt --verbose=1
/usr/bin/c++    -DCOMPILER_SUPPORTS_CXX11    CMakeFiles/cmTC_3b929.dir/src.cxx.o  -o cmTC_3b929 -rdynamic 
make[1]: Leaving directory '/home/liavt/Desktop/TitanGame/build/CMakeFiles/CMakeTmp'

Source file was:
int main() { return 0; }
Determining if files unistd.h exist passed with the following output:
Change Dir: /home/liavt/Desktop/TitanGame/build/CMakeFiles/CMakeTmp

Run Build Command:"/usr/bin/make" "cmTC_d077b/fast"
/usr/bin/make -f CMakeFiles/cmTC_d077b.dir/build.make CMakeFiles/cmTC_d077b.dir/build
make[1]: Entering directory '/home/liavt/Desktop/TitanGame/build/CMakeFiles/CMakeTmp'
Building C object CMakeFiles/cmTC_d077b.dir/CheckIncludeFiles.c.o
/usr/bin/cc     -o CMakeFiles/cmTC_d077b.dir/CheckIncludeFiles.c.o   -c /home/liavt/Desktop/TitanGame/build/CMakeFiles/CMakeTmp/CheckIncludeFiles.c
Linking C executable cmTC_d077b
/usr/bin/cmake -E cmake_link_script CMakeFiles/cmTC_d077b.dir/link.txt --verbose=1
/usr/bin/cc       CMakeFiles/cmTC_d077b.dir/CheckIncludeFiles.c.o  -o cmTC_d077b -rdynamic 
make[1]: Leaving directory '/home/liavt/Desktop/TitanGame/build/CMakeFiles/CMakeTmp'


Determining if the include file sys/types.h exists passed with the following output:
Change Dir: /home/liavt/Desktop/TitanGame/build/CMakeFiles/CMakeTmp

Run Build Command:"/usr/bin/make" "cmTC_15187/fast"
/usr/bin/make -f CMakeFiles/cmTC_15187.dir/build.make CMakeFiles/cmTC_15187.dir/build
make[1]: Entering directory '/home/liavt/Desktop/TitanGame/build/CMakeFiles/CMakeTmp'
Building C object CMakeFiles/cmTC_15187.dir/CheckIncludeFile.c.o
/usr/bin/cc     -o CMakeFiles/cmTC_15187.dir/CheckIncludeFile.c.o   -c /home/liavt/Desktop/TitanGame/build/CMakeFiles/CMakeTmp/CheckIncludeFile.c
Linking C executable cmTC_15187
/usr/bin/cmake -E cmake_link_script CMakeFiles/cmTC_15187.dir/link.txt --verbose=1
/usr/bin/cc       CMakeFiles/cmTC_15187.dir/CheckIncludeFile.c.o  -o cmTC_15187 -rdynamic 
make[1]: Leaving directory '/home/liavt/Desktop/TitanGame/build/CMakeFiles/CMakeTmp'


Determining if the include file stdint.h exists passed with the following output:
Change Dir: /home/liavt/Desktop/TitanGame/build/CMakeFiles/CMakeTmp

Run Build Command:"/usr/bin/make" "cmTC_2aa2d/fast"
/usr/bin/make -f CMakeFiles/cmTC_2aa2d.dir/build.make CMakeFiles/cmTC_2aa2d.dir/build
make[1]: Entering directory '/home/liavt/Desktop/TitanGame/build/CMakeFiles/CMakeTmp'
Building C object CMakeFiles/cmTC_2aa2d.dir/CheckIncludeFile.c.o
/usr/bin/cc     -o CMakeFiles/cmTC_2aa2d.dir/CheckIncludeFile.c.o   -c /home/liavt/Desktop/TitanGame/build/CMakeFiles/CMakeTmp/CheckIncludeFile.c
Linking C executable cmTC_2aa2d
/usr/bin/cmake -E cmake_link_script CMakeFiles/cmTC_2aa2d.dir/link.txt --verbose=1
/usr/bin/cc       CMakeFiles/cmTC_2aa2d.dir/CheckIncludeFile.c.o  -o cmTC_2aa2d -rdynamic 
make[1]: Leaving directory '/home/liavt/Desktop/TitanGame/build/CMakeFiles/CMakeTmp'


Determining if the include file stddef.h exists passed with the following output:
Change Dir: /home/liavt/Desktop/TitanGame/build/CMakeFiles/CMakeTmp

Run Build Command:"/usr/bin/make" "cmTC_de494/fast"
/usr/bin/make -f CMakeFiles/cmTC_de494.dir/build.make CMakeFiles/cmTC_de494.dir/build
make[1]: Entering directory '/home/liavt/Desktop/TitanGame/build/CMakeFiles/CMakeTmp'
Building C object CMakeFiles/cmTC_de494.dir/CheckIncludeFile.c.o
/usr/bin/cc     -o CMakeFiles/cmTC_de494.dir/CheckIncludeFile.c.o   -c /home/liavt/Desktop/TitanGame/build/CMakeFiles/CMakeTmp/CheckIncludeFile.c
Linking C executable cmTC_de494
/usr/bin/cmake -E cmake_link_script CMakeFiles/cmTC_de494.dir/link.txt --verbose=1
/usr/bin/cc       CMakeFiles/cmTC_de494.dir/CheckIncludeFile.c.o  -o cmTC_de494 -rdynamic 
make[1]: Leaving directory '/home/liavt/Desktop/TitanGame/build/CMakeFiles/CMakeTmp'


Determining size of unsigned short passed with the following output:
Change Dir: /home/liavt/Desktop/TitanGame/build/CMakeFiles/CMakeTmp

Run Build Command:"/usr/bin/make" "cmTC_7abb3/fast"
/usr/bin/make -f CMakeFiles/cmTC_7abb3.dir/build.make CMakeFiles/cmTC_7abb3.dir/build
make[1]: Entering directory '/home/liavt/Desktop/TitanGame/build/CMakeFiles/CMakeTmp'
Building C object CMakeFiles/cmTC_7abb3.dir/CMAKE_SIZEOF_UNSIGNED_SHORT.c.o
/usr/bin/cc     -o CMakeFiles/cmTC_7abb3.dir/CMAKE_SIZEOF_UNSIGNED_SHORT.c.o   -c /home/liavt/Desktop/TitanGame/build/CMakeFiles/CheckTypeSize/CMAKE_SIZEOF_UNSIGNED_SHORT.c
Linking C executable cmTC_7abb3
/usr/bin/cmake -E cmake_link_script CMakeFiles/cmTC_7abb3.dir/link.txt --verbose=1
/usr/bin/cc       CMakeFiles/cmTC_7abb3.dir/CMAKE_SIZEOF_UNSIGNED_SHORT.c.o  -o cmTC_7abb3 -rdynamic 
make[1]: Leaving directory '/home/liavt/Desktop/TitanGame/build/CMakeFiles/CMakeTmp'


